{"contracts/ERC20.sol":{"l":{"5":100,"6":100,"9":168,"10":168,"13":0,"14":0,"17":0,"18":0,"38":30,"39":30,"40":30,"41":30,"42":30,"43":30,"44":30,"47":0,"50":4,"54":32,"56":32,"57":32,"58":32,"61":60,"62":60,"63":60,"66":70,"68":68,"70":68,"72":68,"73":68,"74":68,"77":0},"path":"/home/mark/development/advancedSmtContr/solidity/contracts/ERC20.sol","s":{"1":100,"2":100,"3":168,"4":168,"5":0,"6":0,"7":0,"8":0,"9":30,"10":30,"11":30,"12":30,"13":30,"14":30,"15":30,"16":0,"17":4,"18":32,"19":32,"20":32,"21":32,"22":60,"23":60,"24":60,"25":70,"26":68,"27":68,"28":68,"29":68,"30":68,"31":0},"b":{"1":[100,0],"2":[168,0],"3":[0,0],"4":[0,0],"5":[68,2]},"f":{"1":100,"2":168,"3":0,"4":0,"5":30,"6":0,"7":4,"8":32,"9":60,"10":70,"11":0},"fnMap":{"1":{"name":"add","line":4,"loc":{"start":{"line":4,"column":4},"end":{"line":4,"column":61}}},"2":{"name":"sub","line":8,"loc":{"start":{"line":8,"column":4},"end":{"line":8,"column":61}}},"3":{"name":"mul","line":12,"loc":{"start":{"line":12,"column":4},"end":{"line":12,"column":61}}},"4":{"name":"div","line":16,"loc":{"start":{"line":16,"column":4},"end":{"line":16,"column":61}}},"5":{"name":null,"line":37,"loc":{"start":{"line":37,"column":4},"end":{"line":37,"column":33}}},"6":{"name":"totalSupply","line":46,"loc":{"start":{"line":46,"column":4},"end":{"line":46,"column":51}}},"7":{"name":"balanceOf","line":49,"loc":{"start":{"line":49,"column":4},"end":{"line":49,"column":75}}},"8":{"name":"transfer","line":52,"loc":{"start":{"line":52,"column":4},"end":{"line":52,"column":74}}},"9":{"name":"approve","line":60,"loc":{"start":{"line":60,"column":4},"end":{"line":60,"column":78}}},"10":{"name":"transferFrom","line":65,"loc":{"start":{"line":65,"column":4},"end":{"line":65,"column":92}}},"11":{"name":"allowance","line":76,"loc":{"start":{"line":76,"column":4},"end":{"line":76,"column":94}}}},"statementMap":{"1":{"start":{"line":5,"column":8},"end":{"line":5,"column":16}},"2":{"start":{"line":6,"column":8},"end":{"line":6,"column":22}},"3":{"start":{"line":9,"column":8},"end":{"line":9,"column":22}},"4":{"start":{"line":10,"column":8},"end":{"line":10,"column":16}},"5":{"start":{"line":13,"column":8},"end":{"line":13,"column":16}},"6":{"start":{"line":14,"column":8},"end":{"line":14,"column":36}},"7":{"start":{"line":17,"column":8},"end":{"line":17,"column":21}},"8":{"start":{"line":18,"column":8},"end":{"line":18,"column":16}},"9":{"start":{"line":38,"column":8},"end":{"line":38,"column":25}},"10":{"start":{"line":39,"column":8},"end":{"line":39,"column":23}},"11":{"start":{"line":40,"column":8},"end":{"line":40,"column":42}},"12":{"start":{"line":41,"column":8},"end":{"line":41,"column":20}},"13":{"start":{"line":42,"column":8},"end":{"line":42,"column":28}},"14":{"start":{"line":43,"column":8},"end":{"line":43,"column":37}},"15":{"start":{"line":44,"column":8},"end":{"line":44,"column":54}},"16":{"start":{"line":47,"column":8},"end":{"line":47,"column":27}},"17":{"start":{"line":50,"column":8},"end":{"line":50,"column":35}},"18":{"start":{"line":54,"column":8},"end":{"line":54,"column":62}},"19":{"start":{"line":56,"column":8},"end":{"line":56,"column":46}},"20":{"start":{"line":57,"column":8},"end":{"line":57,"column":45}},"21":{"start":{"line":58,"column":8},"end":{"line":58,"column":19}},"22":{"start":{"line":61,"column":8},"end":{"line":61,"column":44}},"23":{"start":{"line":62,"column":8},"end":{"line":62,"column":50}},"24":{"start":{"line":63,"column":8},"end":{"line":63,"column":19}},"25":{"start":{"line":66,"column":8},"end":{"line":66,"column":43}},"26":{"start":{"line":68,"column":8},"end":{"line":68,"column":50}},"27":{"start":{"line":70,"column":8},"end":{"line":70,"column":72}},"28":{"start":{"line":72,"column":8},"end":{"line":72,"column":46}},"29":{"start":{"line":73,"column":8},"end":{"line":73,"column":39}},"30":{"start":{"line":74,"column":8},"end":{"line":74,"column":19}},"31":{"start":{"line":77,"column":8},"end":{"line":77,"column":43}}},"branchMap":{"1":{"line":6,"type":"if","locations":[{"start":{"line":6,"column":8},"end":{"line":6,"column":8}},{"start":{"line":6,"column":8},"end":{"line":6,"column":8}}]},"2":{"line":9,"type":"if","locations":[{"start":{"line":9,"column":8},"end":{"line":9,"column":8}},{"start":{"line":9,"column":8},"end":{"line":9,"column":8}}]},"3":{"line":14,"type":"if","locations":[{"start":{"line":14,"column":8},"end":{"line":14,"column":8}},{"start":{"line":14,"column":8},"end":{"line":14,"column":8}}]},"4":{"line":17,"type":"if","locations":[{"start":{"line":17,"column":8},"end":{"line":17,"column":8}},{"start":{"line":17,"column":8},"end":{"line":17,"column":8}}]},"5":{"line":66,"type":"if","locations":[{"start":{"line":66,"column":8},"end":{"line":66,"column":8}},{"start":{"line":66,"column":8},"end":{"line":66,"column":8}}]}}},"contracts/StateChGaming.sol":{"l":{"29":17,"30":17,"31":14,"33":3,"35":11,"38":10,"39":10,"40":7,"42":3,"44":4,"47":11,"48":11,"49":9,"53":64,"54":64,"55":64,"59":36,"60":34,"62":34,"63":34,"64":34,"65":32,"68":30,"70":28,"74":30,"75":30,"76":30,"77":30,"78":28,"81":26,"82":24,"83":24,"88":3,"91":1,"95":8,"96":8,"100":1,"101":1,"105":4,"107":4,"108":1,"111":1},"path":"/home/mark/development/advancedSmtContr/solidity/contracts/StateChGaming.sol","s":{"1":17,"2":17,"3":14,"4":3,"5":10,"6":10,"7":7,"8":3,"9":11,"10":11,"11":64,"12":64,"13":64,"14":36,"15":34,"16":34,"17":34,"18":34,"19":32,"20":30,"21":28,"22":30,"23":30,"24":30,"25":30,"26":28,"27":26,"28":24,"29":24,"30":3,"31":1,"32":8,"33":8,"34":1,"35":1,"36":4,"37":4},"b":{"1":[14,3],"2":[10,4],"3":[1,2],"4":[7,3],"5":[3,4],"6":[1,2],"7":[9,2],"8":[34,2],"9":[34,0],"10":[32,2],"11":[30,2],"12":[28,2],"13":[28,2],"14":[26,2],"15":[24,2],"16":[1,1]},"f":{"1":17,"2":10,"3":11,"4":64,"5":36,"6":30,"7":3,"8":1,"9":8,"10":1,"11":4},"fnMap":{"1":{"name":"opponentLastPlayed","line":28,"loc":{"start":{"line":28,"column":5},"end":{"line":28,"column":56}}},"2":{"name":"senderLastPlayed","line":37,"loc":{"start":{"line":37,"column":4},"end":{"line":37,"column":41}}},"3":{"name":"validMove","line":46,"loc":{"start":{"line":46,"column":4},"end":{"line":46,"column":46}}},"4":{"name":"addrFromHashAndSig","line":52,"loc":{"start":{"line":52,"column":4},"end":{"line":52,"column":108}}},"5":{"name":"initGame","line":58,"loc":{"start":{"line":58,"column":4},"end":{"line":58,"column":196}}},"6":{"name":"initBCMove","line":73,"loc":{"start":{"line":73,"column":4},"end":{"line":73,"column":89}}},"7":{"name":"makeMoveTimed","line":87,"loc":{"start":{"line":87,"column":4},"end":{"line":87,"column":71}}},"8":{"name":"makeMoveUntimed","line":90,"loc":{"start":{"line":90,"column":4},"end":{"line":90,"column":73}}},"9":{"name":"enforcedBCMove","line":94,"loc":{"start":{"line":94,"column":4},"end":{"line":94,"column":121}}},"10":{"name":"unenforcedBCMove","line":99,"loc":{"start":{"line":99,"column":4},"end":{"line":99,"column":123}}},"11":{"name":"payoutVictory","line":104,"loc":{"start":{"line":104,"column":4},"end":{"line":104,"column":44}}}},"statementMap":{"1":{"start":{"line":29,"column":8},"end":{"line":29,"column":41}},"2":{"start":{"line":30,"column":8},"end":{"line":30,"column":864}},"3":{"start":{"line":31,"column":12},"end":{"line":31,"column":64}},"4":{"start":{"line":33,"column":12},"end":{"line":33,"column":64}},"5":{"start":{"line":38,"column":8},"end":{"line":38,"column":41}},"6":{"start":{"line":39,"column":8},"end":{"line":39,"column":1176}},"7":{"start":{"line":40,"column":12},"end":{"line":40,"column":65}},"8":{"start":{"line":42,"column":12},"end":{"line":42,"column":63}},"9":{"start":{"line":47,"column":8},"end":{"line":47,"column":30}},"10":{"start":{"line":48,"column":8},"end":{"line":48,"column":118}},"11":{"start":{"line":53,"column":8},"end":{"line":53,"column":63}},"12":{"start":{"line":54,"column":8},"end":{"line":54,"column":75}},"13":{"start":{"line":55,"column":8},"end":{"line":55,"column":47}},"14":{"start":{"line":59,"column":8},"end":{"line":59,"column":92}},"15":{"start":{"line":60,"column":8},"end":{"line":60,"column":92}},"16":{"start":{"line":62,"column":8},"end":{"line":62,"column":123}},"17":{"start":{"line":63,"column":8},"end":{"line":63,"column":64}},"18":{"start":{"line":64,"column":8},"end":{"line":64,"column":83}},"19":{"start":{"line":65,"column":8},"end":{"line":65,"column":83}},"20":{"start":{"line":68,"column":8},"end":{"line":68,"column":85}},"21":{"start":{"line":70,"column":8},"end":{"line":70,"column":187}},"22":{"start":{"line":74,"column":8},"end":{"line":74,"column":41}},"23":{"start":{"line":75,"column":8},"end":{"line":75,"column":69}},"24":{"start":{"line":76,"column":8},"end":{"line":76,"column":64}},"25":{"start":{"line":77,"column":8},"end":{"line":77,"column":86}},"26":{"start":{"line":78,"column":8},"end":{"line":78,"column":86}},"27":{"start":{"line":81,"column":8},"end":{"line":81,"column":115}},"28":{"start":{"line":82,"column":8},"end":{"line":82,"column":48}},"29":{"start":{"line":83,"column":8},"end":{"line":83,"column":39}},"30":{"start":{"line":88,"column":8},"end":{"line":88,"column":48}},"31":{"start":{"line":91,"column":8},"end":{"line":91,"column":66}},"32":{"start":{"line":95,"column":8},"end":{"line":95,"column":48}},"33":{"start":{"line":96,"column":8},"end":{"line":96,"column":39}},"34":{"start":{"line":100,"column":8},"end":{"line":100,"column":66}},"35":{"start":{"line":101,"column":8},"end":{"line":101,"column":39}},"36":{"start":{"line":105,"column":8},"end":{"line":105,"column":41}},"37":{"start":{"line":107,"column":8},"end":{"line":107,"column":4948}}},"branchMap":{"1":{"line":30,"type":"if","locations":[{"start":{"line":30,"column":8},"end":{"line":30,"column":8}},{"start":{"line":30,"column":8},"end":{"line":30,"column":8}}]},"2":{"line":31,"type":"if","locations":[{"start":{"line":31,"column":12},"end":{"line":31,"column":12}},{"start":{"line":31,"column":12},"end":{"line":31,"column":12}}]},"3":{"line":33,"type":"if","locations":[{"start":{"line":33,"column":12},"end":{"line":33,"column":12}},{"start":{"line":33,"column":12},"end":{"line":33,"column":12}}]},"4":{"line":39,"type":"if","locations":[{"start":{"line":39,"column":8},"end":{"line":39,"column":8}},{"start":{"line":39,"column":8},"end":{"line":39,"column":8}}]},"5":{"line":40,"type":"if","locations":[{"start":{"line":40,"column":12},"end":{"line":40,"column":12}},{"start":{"line":40,"column":12},"end":{"line":40,"column":12}}]},"6":{"line":42,"type":"if","locations":[{"start":{"line":42,"column":12},"end":{"line":42,"column":12}},{"start":{"line":42,"column":12},"end":{"line":42,"column":12}}]},"7":{"line":48,"type":"if","locations":[{"start":{"line":48,"column":8},"end":{"line":48,"column":8}},{"start":{"line":48,"column":8},"end":{"line":48,"column":8}}]},"8":{"line":59,"type":"if","locations":[{"start":{"line":59,"column":8},"end":{"line":59,"column":8}},{"start":{"line":59,"column":8},"end":{"line":59,"column":8}}]},"9":{"line":60,"type":"if","locations":[{"start":{"line":60,"column":8},"end":{"line":60,"column":8}},{"start":{"line":60,"column":8},"end":{"line":60,"column":8}}]},"10":{"line":64,"type":"if","locations":[{"start":{"line":64,"column":8},"end":{"line":64,"column":8}},{"start":{"line":64,"column":8},"end":{"line":64,"column":8}}]},"11":{"line":65,"type":"if","locations":[{"start":{"line":65,"column":8},"end":{"line":65,"column":8}},{"start":{"line":65,"column":8},"end":{"line":65,"column":8}}]},"12":{"line":68,"type":"if","locations":[{"start":{"line":68,"column":8},"end":{"line":68,"column":8}},{"start":{"line":68,"column":8},"end":{"line":68,"column":8}}]},"13":{"line":77,"type":"if","locations":[{"start":{"line":77,"column":8},"end":{"line":77,"column":8}},{"start":{"line":77,"column":8},"end":{"line":77,"column":8}}]},"14":{"line":78,"type":"if","locations":[{"start":{"line":78,"column":8},"end":{"line":78,"column":8}},{"start":{"line":78,"column":8},"end":{"line":78,"column":8}}]},"15":{"line":81,"type":"if","locations":[{"start":{"line":81,"column":8},"end":{"line":81,"column":8}},{"start":{"line":81,"column":8},"end":{"line":81,"column":8}}]},"16":{"line":107,"type":"if","locations":[{"start":{"line":107,"column":8},"end":{"line":107,"column":8}},{"start":{"line":107,"column":8},"end":{"line":107,"column":8}}]}}},"contracts/ValidatingContract.sol":{"l":{"7":7,"8":2,"9":5,"10":2,"11":3,"14":31,"22":222,"23":222,"24":222,"25":222,"26":222,"27":222,"28":222,"29":222,"32":222,"34":217,"35":103,"38":216,"40":213,"42":212,"44":210,"45":210,"47":210,"49":46,"51":46,"61":210,"64":152,"70":152,"71":152,"75":712,"84":210,"86":178,"88":172,"89":89,"91":83,"93":156,"94":81,"96":75,"98":152,"101":212,"102":212,"103":5277,"104":5277,"105":2,"108":210,"111":111,"117":46,"118":46,"123":46,"126":5,"127":32,"128":3,"133":7,"134":29,"135":5,"140":358,"141":145,"143":213,"144":209,"146":4,"154":198,"157":253,"160":222,"163":5828,"166":6303,"167":6303},"path":"/home/mark/development/advancedSmtContr/solidity/contracts/ValidatingContract.sol","s":{"1":7,"2":2,"3":5,"4":2,"5":3,"6":31,"7":222,"8":222,"9":222,"10":222,"11":222,"12":222,"13":222,"14":222,"15":222,"16":217,"17":103,"18":216,"19":213,"20":212,"21":210,"22":210,"23":210,"24":46,"25":46,"26":210,"27":152,"28":152,"29":152,"30":712,"31":210,"32":178,"33":172,"34":89,"35":83,"36":156,"37":81,"38":75,"39":152,"40":212,"41":5277,"42":5277,"43":2,"44":210,"45":111,"46":46,"47":46,"48":46,"49":5,"50":32,"51":3,"52":7,"53":29,"54":5,"55":358,"56":145,"57":213,"58":209,"59":4,"60":68,"61":509,"62":5767,"63":896,"64":198,"65":253,"66":222,"67":5828,"68":6303},"b":{"1":[2,5],"2":[2,3],"3":[217,5],"4":[103,114],"5":[102,1],"6":[213,3],"7":[212,1],"8":[210,2],"9":[46,164],"10":[152,0],"11":[178,32],"12":[172,6],"13":[89,83],"14":[79,10],"15":[77,6],"16":[81,75],"17":[77,4],"18":[75,0],"19":[2,5275],"20":[46,0],"21":[3,29],"22":[5,24],"23":[145,213],"24":[209,4]},"f":{"1":7,"2":31,"3":222,"4":712,"5":210,"6":212,"7":111,"8":46,"9":5,"10":7,"11":358,"12":68,"13":509,"14":5767,"15":896,"16":198,"17":253,"18":222,"19":5828,"20":6303},"fnMap":{"1":{"name":"p1Won","line":6,"loc":{"start":{"line":6,"column":4},"end":{"line":6,"column":52}}},"2":{"name":"p1MovedLast","line":13,"loc":{"start":{"line":13,"column":4},"end":{"line":13,"column":59}}},"3":{"name":"validStateUpdate","line":21,"loc":{"start":{"line":21,"column":4},"end":{"line":21,"column":86}}},"4":{"name":"getNonce","line":73,"loc":{"start":{"line":73,"column":4},"end":{"line":73,"column":55}}},"5":{"name":"locChangeValid","line":82,"loc":{"start":{"line":82,"column":4},"end":{"line":82,"column":118}}},"6":{"name":"isEmpty","line":100,"loc":{"start":{"line":100,"column":4},"end":{"line":100,"column":76}}},"7":{"name":"correctDirection","line":110,"loc":{"start":{"line":110,"column":4},"end":{"line":110,"column":90}}},"8":{"name":"jumpAndUpdate","line":116,"loc":{"start":{"line":116,"column":4},"end":{"line":116,"column":134}}},"9":{"name":"redHasPieces","line":125,"loc":{"start":{"line":125,"column":4},"end":{"line":125,"column":61}}},"10":{"name":"blackHasPieces","line":132,"loc":{"start":{"line":132,"column":4},"end":{"line":132,"column":63}}},"11":{"name":"red","line":139,"loc":{"start":{"line":139,"column":4},"end":{"line":139,"column":52}}},"12":{"name":"active","line":148,"loc":{"start":{"line":148,"column":4},"end":{"line":148,"column":55}}},"13":{"name":"queen","line":149,"loc":{"start":{"line":149,"column":4},"end":{"line":149,"column":54}}},"14":{"name":"rowNum","line":150,"loc":{"start":{"line":150,"column":4},"end":{"line":150,"column":55}}},"15":{"name":"colNum","line":151,"loc":{"start":{"line":151,"column":4},"end":{"line":151,"column":55}}},"16":{"name":"XORPieceByte","line":153,"loc":{"start":{"line":153,"column":4},"end":{"line":153,"column":86}}},"17":{"name":"getPieceNumMoved","line":156,"loc":{"start":{"line":156,"column":4},"end":{"line":156,"column":65}}},"18":{"name":"getPieceNumJumped","line":159,"loc":{"start":{"line":159,"column":4},"end":{"line":159,"column":66}}},"19":{"name":"getPieceByNum","line":162,"loc":{"start":{"line":162,"column":4},"end":{"line":162,"column":74}}},"20":{"name":"getByteAt","line":165,"loc":{"start":{"line":165,"column":4},"end":{"line":165,"column":70}}}},"statementMap":{"1":{"start":{"line":7,"column":8},"end":{"line":7,"column":166}},"2":{"start":{"line":8,"column":12},"end":{"line":8,"column":23}},"3":{"start":{"line":9,"column":8},"end":{"line":9,"column":227}},"4":{"start":{"line":10,"column":12},"end":{"line":10,"column":24}},"5":{"start":{"line":11,"column":8},"end":{"line":11,"column":39}},"6":{"start":{"line":14,"column":8},"end":{"line":14,"column":42}},"7":{"start":{"line":22,"column":8},"end":{"line":22,"column":53}},"8":{"start":{"line":23,"column":8},"end":{"line":23,"column":55}},"9":{"start":{"line":24,"column":8},"end":{"line":24,"column":66}},"10":{"start":{"line":25,"column":8},"end":{"line":25,"column":66}},"11":{"start":{"line":26,"column":8},"end":{"line":26,"column":43}},"12":{"start":{"line":27,"column":8},"end":{"line":27,"column":43}},"13":{"start":{"line":28,"column":8},"end":{"line":28,"column":43}},"14":{"start":{"line":29,"column":8},"end":{"line":29,"column":43}},"15":{"start":{"line":32,"column":8},"end":{"line":32,"column":75}},"16":{"start":{"line":34,"column":8},"end":{"line":34,"column":1391}},"17":{"start":{"line":35,"column":12},"end":{"line":35,"column":96}},"18":{"start":{"line":38,"column":8},"end":{"line":38,"column":95}},"19":{"start":{"line":40,"column":8},"end":{"line":40,"column":129}},"20":{"start":{"line":42,"column":8},"end":{"line":42,"column":84}},"21":{"start":{"line":44,"column":8},"end":{"line":44,"column":30}},"22":{"start":{"line":45,"column":8},"end":{"line":45,"column":23}},"23":{"start":{"line":47,"column":8},"end":{"line":47,"column":2151}},"24":{"start":{"line":49,"column":12},"end":{"line":49,"column":22}},"25":{"start":{"line":51,"column":12},"end":{"line":51,"column":2343}},"26":{"start":{"line":61,"column":8},"end":{"line":61,"column":58}},"27":{"start":{"line":64,"column":8},"end":{"line":64,"column":2833}},"28":{"start":{"line":70,"column":8},"end":{"line":70,"column":80}},"29":{"start":{"line":71,"column":8},"end":{"line":71,"column":19}},"30":{"start":{"line":75,"column":8},"end":{"line":75,"column":45}},"31":{"start":{"line":84,"column":8},"end":{"line":84,"column":75}},"32":{"start":{"line":86,"column":8},"end":{"line":86,"column":80}},"33":{"start":{"line":88,"column":8},"end":{"line":88,"column":3860}},"34":{"start":{"line":89,"column":12},"end":{"line":89,"column":66}},"35":{"start":{"line":91,"column":12},"end":{"line":91,"column":64}},"36":{"start":{"line":93,"column":8},"end":{"line":93,"column":4049}},"37":{"start":{"line":94,"column":12},"end":{"line":94,"column":67}},"38":{"start":{"line":96,"column":12},"end":{"line":96,"column":66}},"39":{"start":{"line":98,"column":8},"end":{"line":98,"column":19}},"40":{"start":{"line":102,"column":8},"end":{"line":102,"column":4367}},"41":{"start":{"line":103,"column":12},"end":{"line":103,"column":39}},"42":{"start":{"line":104,"column":12},"end":{"line":104,"column":4453}},"43":{"start":{"line":105,"column":16},"end":{"line":105,"column":28}},"44":{"start":{"line":108,"column":8},"end":{"line":108,"column":19}},"45":{"start":{"line":111,"column":8},"end":{"line":111,"column":4696}},"46":{"start":{"line":117,"column":8},"end":{"line":117,"column":57}},"47":{"start":{"line":118,"column":8},"end":{"line":118,"column":5009}},"48":{"start":{"line":123,"column":8},"end":{"line":123,"column":58}},"49":{"start":{"line":126,"column":8},"end":{"line":126,"column":5325}},"50":{"start":{"line":127,"column":12},"end":{"line":127,"column":5371}},"51":{"start":{"line":128,"column":16},"end":{"line":128,"column":27}},"52":{"start":{"line":133,"column":8},"end":{"line":133,"column":5538}},"53":{"start":{"line":134,"column":12},"end":{"line":134,"column":5585}},"54":{"start":{"line":135,"column":16},"end":{"line":135,"column":27}},"55":{"start":{"line":140,"column":8},"end":{"line":140,"column":5741}},"56":{"start":{"line":141,"column":12},"end":{"line":141,"column":23}},"57":{"start":{"line":143,"column":8},"end":{"line":143,"column":5812}},"58":{"start":{"line":144,"column":12},"end":{"line":144,"column":24}},"59":{"start":{"line":146,"column":8},"end":{"line":146,"column":37}},"60":{"start":{"line":148,"column":60},"end":{"line":148,"column":77}},"61":{"start":{"line":149,"column":59},"end":{"line":149,"column":84}},"62":{"start":{"line":150,"column":60},"end":{"line":150,"column":83}},"63":{"start":{"line":151,"column":60},"end":{"line":151,"column":75}},"64":{"start":{"line":154,"column":8},"end":{"line":154,"column":55}},"65":{"start":{"line":157,"column":8},"end":{"line":157,"column":33}},"66":{"start":{"line":160,"column":8},"end":{"line":160,"column":33}},"67":{"start":{"line":163,"column":8},"end":{"line":163,"column":35}},"68":{"start":{"line":167,"column":8},"end":{"line":167,"column":18}}},"branchMap":{"1":{"line":7,"type":"if","locations":[{"start":{"line":7,"column":8},"end":{"line":7,"column":8}},{"start":{"line":7,"column":8},"end":{"line":7,"column":8}}]},"2":{"line":9,"type":"if","locations":[{"start":{"line":9,"column":8},"end":{"line":9,"column":8}},{"start":{"line":9,"column":8},"end":{"line":9,"column":8}}]},"3":{"line":32,"type":"if","locations":[{"start":{"line":32,"column":8},"end":{"line":32,"column":8}},{"start":{"line":32,"column":8},"end":{"line":32,"column":8}}]},"4":{"line":34,"type":"if","locations":[{"start":{"line":34,"column":8},"end":{"line":34,"column":8}},{"start":{"line":34,"column":8},"end":{"line":34,"column":8}}]},"5":{"line":35,"type":"if","locations":[{"start":{"line":35,"column":12},"end":{"line":35,"column":12}},{"start":{"line":35,"column":12},"end":{"line":35,"column":12}}]},"6":{"line":38,"type":"if","locations":[{"start":{"line":38,"column":8},"end":{"line":38,"column":8}},{"start":{"line":38,"column":8},"end":{"line":38,"column":8}}]},"7":{"line":40,"type":"if","locations":[{"start":{"line":40,"column":8},"end":{"line":40,"column":8}},{"start":{"line":40,"column":8},"end":{"line":40,"column":8}}]},"8":{"line":42,"type":"if","locations":[{"start":{"line":42,"column":8},"end":{"line":42,"column":8}},{"start":{"line":42,"column":8},"end":{"line":42,"column":8}}]},"9":{"line":47,"type":"if","locations":[{"start":{"line":47,"column":8},"end":{"line":47,"column":8}},{"start":{"line":47,"column":8},"end":{"line":47,"column":8}}]},"10":{"line":70,"type":"if","locations":[{"start":{"line":70,"column":8},"end":{"line":70,"column":8}},{"start":{"line":70,"column":8},"end":{"line":70,"column":8}}]},"11":{"line":84,"type":"if","locations":[{"start":{"line":84,"column":8},"end":{"line":84,"column":8}},{"start":{"line":84,"column":8},"end":{"line":84,"column":8}}]},"12":{"line":86,"type":"if","locations":[{"start":{"line":86,"column":8},"end":{"line":86,"column":8}},{"start":{"line":86,"column":8},"end":{"line":86,"column":8}}]},"13":{"line":88,"type":"if","locations":[{"start":{"line":88,"column":8},"end":{"line":88,"column":8}},{"start":{"line":88,"column":8},"end":{"line":88,"column":8}}]},"14":{"line":89,"type":"if","locations":[{"start":{"line":89,"column":12},"end":{"line":89,"column":12}},{"start":{"line":89,"column":12},"end":{"line":89,"column":12}}]},"15":{"line":91,"type":"if","locations":[{"start":{"line":91,"column":12},"end":{"line":91,"column":12}},{"start":{"line":91,"column":12},"end":{"line":91,"column":12}}]},"16":{"line":93,"type":"if","locations":[{"start":{"line":93,"column":8},"end":{"line":93,"column":8}},{"start":{"line":93,"column":8},"end":{"line":93,"column":8}}]},"17":{"line":94,"type":"if","locations":[{"start":{"line":94,"column":12},"end":{"line":94,"column":12}},{"start":{"line":94,"column":12},"end":{"line":94,"column":12}}]},"18":{"line":96,"type":"if","locations":[{"start":{"line":96,"column":12},"end":{"line":96,"column":12}},{"start":{"line":96,"column":12},"end":{"line":96,"column":12}}]},"19":{"line":104,"type":"if","locations":[{"start":{"line":104,"column":12},"end":{"line":104,"column":12}},{"start":{"line":104,"column":12},"end":{"line":104,"column":12}}]},"20":{"line":118,"type":"if","locations":[{"start":{"line":118,"column":8},"end":{"line":118,"column":8}},{"start":{"line":118,"column":8},"end":{"line":118,"column":8}}]},"21":{"line":127,"type":"if","locations":[{"start":{"line":127,"column":12},"end":{"line":127,"column":12}},{"start":{"line":127,"column":12},"end":{"line":127,"column":12}}]},"22":{"line":134,"type":"if","locations":[{"start":{"line":134,"column":12},"end":{"line":134,"column":12}},{"start":{"line":134,"column":12},"end":{"line":134,"column":12}}]},"23":{"line":140,"type":"if","locations":[{"start":{"line":140,"column":8},"end":{"line":140,"column":8}},{"start":{"line":140,"column":8},"end":{"line":140,"column":8}}]},"24":{"line":143,"type":"if","locations":[{"start":{"line":143,"column":8},"end":{"line":143,"column":8}},{"start":{"line":143,"column":8},"end":{"line":143,"column":8}}]}}}}